 seed.dat Vol. header: Type: 010 Version 02.4 lrecl  4096
 Time span: 2015,299,09:10:00.0000 2015,299,10:00:00.9995
         166  stations on this volume.
  Reading station headers...
 0Station: ACCN , valid 1999,314,00:00:00-2599,365,23:59:59.
  Lat, Lon:   43.3843002 -73.6678009 El., depth:   340.0    0.0 Chans:  2
  BHZ     40.00   0.0 -90.0  0.0000E+00
  HHZ    100.00   0.0 -90.0  0.0000E+00
 0Station: AGPR , valid 2004,032,09:30:00-2599,365,23:59:59.
  Lat, Lon:   18.4674931 -67.1111832 El., depth:   119.9    2.0 Chans:  1
  BHZ     40.00   0.0 -90.0  0.0000E+00
 0Station: ALGO , valid 2009,117,00:00:00-2599,365,23:59:59.
  Lat, Lon:   45.9543991 -78.0509033 El., depth:   235.0    0.0 Chans:  1
  HHZ    100.00   0.0 -90.0  1.0000E-04
 0Station: ALLY , valid 2002,150,00:00:00-2599,365,23:59:59.
  Lat, Lon:   41.6492004 -80.1447983 El., depth:   390.0    0.0 Chans:  2
  BHZ     40.00   0.0 -90.0  0.0000E+00
  HHZ    100.00   0.0 -90.0  0.0000E+00
 0Station: AOPR , valid 2003,090,07:00:00-2599,365,23:59:59.
  Lat, Lon:   18.3466454 -66.7539749 El., depth:   355.1    0.5 Chans:  1
  BHZ     40.00   0.0 -90.0  0.0000E+00
 0Station: B088A, valid 2013,065,00:00:00-2599,365,23:59:59.
  Lat, Lon:   33.3749504-116.6205215 El., depth:  1403.9    5.8 Chans:  2
  BHZ     40.00   0.0 -90.0  1.0000E-04
  HHZ    200.00   0.0 -90.0  1.0000E-04
 0Station: BCOK , valid 2013,040,00:00:00-2599,365,23:59:59.
  Lat, Lon:   35.6567307 -97.6092758 El., depth:   302.0    1.0 Chans:  1
  HHZ    100.00   0.0 -90.0  0.0000E+00
 0Station: BCX  , valid 1995,180,00:00:00-2999,365,23:59:59.
  Lat, Lon:   42.3349991 -71.1705017 El., depth:    60.0    0.0 Chans:  1
  HHZ 00 100.00   0.0 -90.0  0.0000E+00
 0Station: BEK  , valid 1996,276,00:00:00-2599,365,23:59:59.
  Lat, Lon:   39.8666000-120.3595963 El., depth:  1743.0    0.0 Chans:  1
  HHZ    100.00   0.0 -90.0  1.0000E-04
 0Station: BEL  , valid 2001,074,00:00:00-2599,365,23:59:59.
  Lat, Lon:   34.0005989-115.9981995 El., depth:  1388.0    0.0 Chans:  2
  BHZ     40.00   0.0 -90.0  2.0000E-03
  HHZ    100.00   0.0 -90.0  1.0000E-02
 0Station: BIRD , valid 2010,237,00:00:00-2599,365,23:59:59.
  Lat, Lon:   34.6450005 -80.4615021 El., depth:   132.0    0.0 Chans:  1
  HHZ 00 100.00   0.0 -90.0  0.0000E+00
 0Station: BLO  , valid 1998,086,00:00:00-2599,365,23:59:59.
  Lat, Lon:   39.1719017 -86.5222015 El., depth:   246.0    0.0 Chans:  1
  BHZ     40.00   0.0 -90.0  0.0000E+00
 0Station: BPH01, valid 2014,100,00:00:00-2599,365,23:59:59.
  Lat, Lon:   33.6110001-116.4554977 El., depth:  1292.0    2.2 Chans:  1
  BHZ     40.00   0.0 -90.0  2.5000E-04
 0Station: BPH02, valid 2014,100,00:00:00-2599,365,23:59:59.
  Lat, Lon:   33.6105995-116.4550018 El., depth:  1289.0    2.4 Chans:  1
  BHZ     40.00   0.0 -90.0  2.5000E-04
 0Station: BPH03, valid 2014,100,00:00:00-2599,365,23:59:59.
  Lat, Lon:   33.6101990-116.4554977 El., depth:  1285.0    2.5 Chans:  1
  BHZ     40.00   0.0 -90.0  2.5000E-04
 0Station: BPH04, valid 2014,100,00:00:00-2599,365,23:59:59.
  Lat, Lon:   33.6105995-116.4560013 El., depth:  1287.0    2.5 Chans:  1
  BHZ     40.00   0.0 -90.0  2.5000E-04
 0Station: BPH05, valid 2014,100,00:00:00-2599,365,23:59:59.
  Lat, Lon:   33.6124992-116.4552002 El., depth:  1302.0    2.2 Chans:  1
  BHZ     40.00   0.0 -90.0  2.5000E-04
 0Station: BPH06, valid 2014,100,00:00:00-2599,365,23:59:59.
  Lat, Lon:   33.6105003-116.4524994 El., depth:  1294.0    2.6 Chans:  1
  BHZ     40.00   0.0 -90.0  2.5000E-04
 0Station: BPH07, valid 2014,100,00:00:00-2599,365,23:59:59.
  Lat, Lon:   33.6081009-116.4552994 El., depth:  1275.0    2.5 Chans:  1
  BHZ     40.00   0.0 -90.0  2.5000E-04
 0Station: BPH08, valid 2014,194,00:00:00-2599,365,23:59:59.
  Lat, Lon:   33.6105995-116.4579010 El., depth:  1300.0    2.6 Chans:  1
  BHZ     40.00   0.0 -90.0  2.5000E-04
 0Station: BPH09, valid 2014,100,00:00:00-2599,365,23:59:59.
  Lat, Lon:   33.6125984-116.4598999 El., depth:  1295.0    2.2 Chans:  1
  BHZ     40.00   0.0 -90.0  2.5000E-04
 0Station: BPH10, valid 2014,193,00:00:00-2599,365,23:59:59.
  Lat, Lon:   33.6124992-116.4520035 El., depth:  1300.0    2.4 Chans:  1
  BHZ     40.00   0.0 -90.0  2.5000E-04
 0Station: BPH11, valid 2014,193,00:00:00-2599,365,23:59:59.
  Lat, Lon:   33.6054993-116.4518967 El., depth:  1300.0    2.6 Chans:  1
  BHZ     40.00   0.0 -90.0  2.5000E-04
 0Station: BPH12, valid 2014,100,00:00:00-2599,365,23:59:59.
  Lat, Lon:   33.6055984-116.4599991 El., depth:  1251.0    2.6 Chans:  1
  BHZ     40.00   0.0 -90.0  2.5000E-04
 0Station: BPH13, valid 2014,194,00:00:00-2599,365,23:59:59.
  Lat, Lon:   33.6091995-116.4599991 El., depth:  1300.0    2.4 Chans:  1
  BHZ     40.00   0.0 -90.0  2.5000E-04
 0Station: BRNJ , valid 1999,312,00:00:00-2599,365,23:59:59.
  Lat, Lon:   40.6826935 -74.5657425 El., depth:    50.0    0.0 Chans:  2
  BHZ     50.00   0.0 -90.0  0.0000E+00
  HHZ    100.00   0.0 -90.0  0.0000E+00
 0Station: BRNY , valid 2006,167,00:00:00-2599,365,23:59:59.
  Lat, Lon:   41.4140358 -74.0118866 El., depth:   248.0    0.0 Chans:  2
  BHZ     50.00   0.0 -90.0  0.0000E+00
  HHZ    100.00   0.0 -90.0  0.0000E+00
 0Station: CASEE, valid 2009,341,00:00:00-2599,365,23:59:59.
  Lat, Lon:   34.9930000 -82.9317017 El., depth:   385.0    0.0 Chans:  1
  HHZ 00 100.00   0.0 -90.0  0.0000E+00
 0Station: CBYP , valid 2001,039,13:30:00-2599,365,23:59:59.
  Lat, Lon:   18.2716732 -65.8566360 El., depth:   606.9    2.0 Chans:  1
  BHZ     40.00   0.0 -90.0  0.0000E+00
 0Station: CCIG , valid 2000,001,00:00:00-2599,365,23:59:59.
  Lat, Lon:   16.2818851 -92.1369171 El., depth:  1625.0    0.0 Chans:  1
  BHZ     20.00   0.0 -90.0  0.0000E+00
 0Station: CCOK , valid 2015,026,20:09:13-2599,365,23:59:59.
  Lat, Lon:   35.3568420 -97.6560745 El., depth:   378.0    0.0 Chans:  1
  HHZ    100.00   0.0 -90.0  0.0000E+00
 0Station: CHF  , valid 1998,307,00:00:00-2599,365,23:59:59.
  Lat, Lon:   34.3334084-118.0258484 El., depth:  1594.0    0.0 Chans:  2
  BHZ     40.00   0.0 -90.0  2.0000E-03
  HHZ    100.00   0.0 -90.0  1.0000E-02
 0Station: CHOK , valid 2015,072,00:12:28-2599,365,23:59:59.
  Lat, Lon:   35.5611267 -97.0613022 El., depth:   338.0    0.0 Chans:  1
  HHZ    100.00   0.0 -90.0  0.0000E+00
 0Station: CIHL , valid 2011,320,00:00:00-2599,365,23:59:59.
  Lat, Lon:   43.7509689-121.1486206 El., depth:  1966.0    0.0 Chans:  1
  BHZ     50.00   0.0 -90.0  0.0000E+00
 0Station: COLR , valid 2014,322,00:00:00-2599,365,23:59:59.
  Lat, Lon:   41.9581985-119.7904968 El., depth:  1482.0    0.0 Chans:  1
  HHZ    100.00   0.0 -90.0  1.0000E-04
 0Station: COR  , valid 2009,269,00:00:00-2599,365,23:59:59.
  Lat, Lon:   44.5854988-123.3046036 El., depth:   110.0    0.0 Chans:  4
  BHZ 00  20.00   0.0 -90.0  0.0000E+00
  BHZ 10  40.00   0.0 -90.0  0.0000E+00
  BHZ 60  40.00   0.0 -90.0  0.0000E+00
  HHZ 10 100.00   0.0 -90.0  0.0000E+00
 0Station: CPE  , valid 2004,125,00:00:00-2599,365,23:59:59.
  Lat, Lon:   32.8889008-117.1051025 El., depth:   150.0    0.0 Chans:  2
  BHZ     40.00   0.0 -90.0  2.5000E-04
  HHZ    100.00   0.0 -90.0  1.0000E-04
 0Station: CRPR , valid 2005,066,10:00:00-2599,365,23:59:59.
  Lat, Lon:   18.0063992 -67.1095963 El., depth:   119.9    2.0 Chans:  1
  BHZ     40.00   0.0 -90.0  0.0000E+00
 0Station: CRY  , valid 1982,274,00:00:00-2599,365,23:59:59.
  Lat, Lon:   33.5653992-116.7372971 El., depth:  1128.0    0.0 Chans:  2
  BHZ     40.00   0.0 -90.0  2.5000E-04
  HHZ    100.00   0.0 -90.0  1.0000E-04
 0Station: CTC  , valid 2014,220,00:00:00-2599,365,23:59:59.
  Lat, Lon:   39.2076988-120.1259995 El., depth:  2147.0    0.0 Chans:  1
  HHZ    100.00   0.0 -90.0  1.0000E-04
 0Station: CUNY , valid 2002,153,00:00:00-2599,365,23:59:59.
  Lat, Lon:   40.7349281 -73.8176117 El., depth:    20.0    0.0 Chans:  1
  HHZ    100.00   0.0 -90.0  0.0000E+00
 0Station: DAN  , valid 1998,265,00:00:00-2599,365,23:59:59.
  Lat, Lon:   34.6374512-115.3811493 El., depth:   428.0    0.0 Chans:  2
  BHZ     40.00   0.0 -90.0  2.0000E-03
  HHZ    100.00   0.0 -90.0  1.0000E-02
 0Station: DEC  , valid 2000,223,20:30:00-2599,365,23:59:59.
  Lat, Lon:   34.2535286-118.3338318 El., depth:   519.0    0.0 Chans:  2
  BHZ     40.00   0.0 -90.0  2.0000E-03
  HHZ    100.00   0.0 -90.0  1.0000E-02
 0Station: DGR  , valid 1993,173,00:00:00-2599,365,23:59:59.
  Lat, Lon:   33.6500092-117.0094681 El., depth:   650.0    0.0 Chans:  2
  BHZ     40.00   0.0 -90.0  2.0000E-03
  HHZ    100.00   0.0 -90.0  1.0000E-02
 0Station: DJJ  , valid 1998,313,00:00:00-2599,365,23:59:59.
  Lat, Lon:   34.1061783-118.4550476 El., depth:   268.0    0.0 Chans:  2
  BHZ     40.00   0.0 -90.0  2.0000E-03
  HHZ    100.00   0.0 -90.0  1.0000E-02
 0Station: DLMT , valid 2005,224,00:00:00-2999,365,23:59:59.
  Lat, Lon:   45.3624992-112.5963974 El., depth:  1569.0    0.0 Chans:  1
  BHZ 00  40.00   0.0 -90.0  0.0000E+00
 0Station: DSP  , valid 2015,254,00:00:00-2599,365,23:59:59.
  Lat, Lon:   37.3680000-117.9721985 El., depth:  1692.0    0.0 Chans:  1
  HHZ    100.00   0.0 -90.0  1.0000E-04
 0Station: EMB  , valid 1984,306,00:00:00-2599,365,23:59:59.
  Lat, Lon:   38.9743996-120.1028976 El., depth:  2134.2    0.0 Chans:  1
  HHZ    100.00   0.0 -90.0  1.0000E-04
 0Station: EMMW , valid 2000,338,00:00:00-2999,365,23:59:59.
  Lat, Lon:   44.7075005 -67.4572983 El., depth:    35.0    0.0 Chans:  1
  HHZ 00 100.00   0.0 -90.0  0.0000E+00
 0Station: EMPR , valid 2011,116,12:00:00-2599,365,23:59:59.
  Lat, Lon:   18.4770508 -66.5295486 El., depth:     7.4    2.0 Chans:  1
  BHZ     40.00   0.0 -90.0  0.0000E+00
 0Station: FFD  , valid 2001,232,00:00:00-2999,365,23:59:59.
  Lat, Lon:   43.4701004 -71.6537018 El., depth:   131.0    0.0 Chans:  1
  HHZ 00 100.00   0.0 -90.0  0.0000E+00
 0Station: FLET , valid 1977,001,00:00:00-2599,365,23:59:59.
  Lat, Lon:   44.7225037 -72.9521484 El., depth:   336.0    0.0 Chans:  1
  HHZ    100.00   0.0 -90.0  0.0000E+00
 0Station: FMP  , valid 2000,243,00:00:00-2599,365,23:59:59.
  Lat, Lon:   33.7126389-118.2938080 El., depth:    89.0    0.0 Chans:  2
  BHZ     40.00   0.0 -90.0  2.0000E-03
  HHZ    100.00   0.0 -90.0  1.0000E-02
 0Station: FOR  , valid 2002,108,00:00:00-2599,365,23:59:59.
  Lat, Lon:   40.8602982 -73.8852005 El., depth:     0.0    0.0 Chans:  2
  BHZ     40.00   0.0 -90.0  0.0000E+00
  HHZ    100.00   0.0 -90.0  0.0000E+00
 0Station: FRNY , valid 2003,317,00:00:00-2599,365,23:59:59.
  Lat, Lon:   44.8349991 -73.5883026 El., depth:   242.0    0.0 Chans:  2
  BHZ     40.00   0.0 -90.0  0.0000E+00
  HHZ    100.00   0.0 -90.0  0.0000E+00
 0Station: FVM  , valid 2003,260,00:00:00-2599,365,23:59:59.
  Lat, Lon:   37.9812012 -90.4272995 El., depth:   137.0    0.0 Chans:  1
  BHZ     40.00   0.0 -90.0  0.0000E+00
 0Station: GAC  , valid 1993,117,00:00:00-2599,365,23:59:59.
  Lat, Lon:   45.7033005 -75.4783020 El., depth:    62.0    0.0 Chans:  1
  BHZ     40.00   0.0 -90.0  2.5000E-04
 0Station: GLA  , valid 1966,353,00:00:00-2599,365,23:59:59.
  Lat, Lon:   33.0514908-114.8270569 El., depth:   610.0    0.0 Chans:  2
  BHZ     40.00   0.0 -90.0  2.0000E-03
  HHZ    100.00   0.0 -90.0  8.0000E-03
 0Station: GNAR , valid 2000,032,00:00:00-2599,365,23:59:59.
  Lat, Lon:   35.9650002 -90.0179977 El., depth:    71.0    0.0 Chans:  1
  HHZ 00 100.00   0.0 -90.0  0.0000E+00
 0Station: GWY  , valid 1988,041,00:00:00-2599,365,23:59:59.
  Lat, Lon:   36.1860008-116.6697998 El., depth:  1538.0    0.0 Chans:  1
  HHZ    100.00   0.0 -90.0  1.0000E-04
 0Station: HALT , valid 1999,183,00:00:00-2599,365,23:59:59.
  Lat, Lon:   35.9109993 -89.3399963 El., depth:    85.0    0.0 Chans:  1
  HHZ 00 100.00   0.0 -90.0  0.0000E+00
 0Station: HCNY , valid 2006,060,00:00:00-2599,365,23:59:59.
  Lat, Lon:   42.6968002 -74.3983994 El., depth:   273.0    0.0 Chans:  2
  BHZ     40.00   0.0 -90.0  0.0000E+00
  HHZ    100.00   0.0 -90.0  0.0000E+00
 0Station: HDBT , valid 2001,233,00:00:00-2599,365,23:59:59.
  Lat, Lon:   35.1529999 -90.0579987 El., depth:    66.0    0.0 Chans:  1
  HHZ 00 100.00   0.0 -90.0  0.0000E+00
 0Station: HENM , valid 1999,132,00:00:00-2599,365,23:59:59.
  Lat, Lon:   36.7159996 -89.4720001 El., depth:    88.0    0.0 Chans:  1
  HHZ 00 100.00   0.0 -90.0  0.0000E+00
 0Station: HICK , valid 1999,147,00:00:00-2599,365,23:59:59.
  Lat, Lon:   36.5410004 -89.2289963 El., depth:   141.0    0.0 Chans:  1
  HHZ 00 100.00   0.0 -90.0  0.0000E+00
 0Station: HKT  , valid 2011,270,00:00:00-2599,365,23:59:59.
  Lat, Lon:   29.9617996 -95.8384018 El., depth:  -863.0  450.0 Chans:  2
  BHZ 00  20.00   0.0 -90.0  0.0000E+00
  BHZ 10  40.00   0.0 -90.0  0.0000E+00
 0Station: HPIG , valid 2006,001,00:00:00-2599,365,23:59:59.
  Lat, Lon:   26.9368076-105.6640244 El., depth:  1786.0    0.0 Chans:  1
  BHZ     20.00   0.0 -90.0  0.0000E+00
 0Station: HQIL , valid 2013,362,00:00:00-2999,365,23:59:59.
  Lat, Lon:   41.7998199 -87.8534317 El., depth:   193.0    0.0 Chans:  1
  HHZ 00 100.00   0.0 -90.0  0.0000E+00
 0Station: HRV  , valid 2008,266,00:00:00-2599,365,23:59:59.
  Lat, Lon:   42.5064011 -71.5582962 El., depth:   200.0    0.0 Chans:  3
  BHZ 00  20.00   0.0 -90.0  0.0000E+00
  BHZ 10  40.00   0.0 -90.0  0.0000E+00
  HHZ 10 100.00   0.0 -90.0  0.0000E+00
 0Station: HUMP , valid 2002,242,13:30:00-2599,365,23:59:59.
  Lat, Lon:   18.1420689 -65.8488464 El., depth:    79.1    2.0 Chans:  1
  BHZ     40.00   0.0 -90.0  0.0000E+00
 0Station: ICMP , valid 2008,118,18:00:00-2599,365,23:59:59.
  Lat, Lon:   17.8862991 -66.5267029 El., depth:    10.0    2.0 Chans:  1
  BHZ     40.00   0.0 -90.0  0.0000E+00
 0Station: IGPR , valid 2012,233,11:00:00-2599,365,23:59:59.
  Lat, Lon:   17.9653568 -66.1068268 El., depth:     1.0    2.0 Chans:  1
  BHZ     40.00   0.0 -90.0  0.0000E+00
 0Station: ILCC , valid 2015,051,00:00:00-2015,365,23:59:59.
  Lat, Lon:   32.8610001 -96.9471970 El., depth:   158.0    0.0 Chans:  1
  HHZ 00 200.00   0.0  90.0  5.0000E-05
 0Station: ISA  , valid 1946,075,00:00:00-2599,365,23:59:59.
  Lat, Lon:   35.6627808-118.4740295 El., depth:   873.0    0.0 Chans:  2
  BHZ     40.00   0.0 -90.0  2.0000E-03
  HHZ    100.00   0.0 -90.0  1.0000E-02
 0Station: JTMT , valid 2001,227,00:00:00-2599,365,23:59:59.
  Lat, Lon:   47.7466698-114.2825012 El., depth:  1469.0    0.0 Chans:  1
  BHZ    100.00   0.0 -90.0  4.0000E-04
 0Station: KSCT , valid 2011,234,00:00:00-2599,365,23:59:59.
  Lat, Lon:   41.7261200 -73.4842529 El., depth:   114.0    0.0 Chans:  2
  BHZ     40.00   0.0 -90.0  0.0000E+00
  HHZ    100.00   0.0 -90.0  0.0000E+00
 0Station: LA10 , valid 2013,044,00:00:00-2017,365,23:59:59.
  Lat, Lon:   30.0097008 -91.1416016 El., depth:     1.0  134.0 Chans:  1
  HHZ 03 200.00 282.0 -74.0  0.0000E+00
 0Station: LA12 , valid 2013,016,16:47:44-2017,365,23:59:59.
  Lat, Lon:   30.0095997 -91.1461029 El., depth:     1.0   25.0 Chans:  1
  HHZ    200.00 291.0 -82.0  0.0000E+00
 0Station: LA14 , valid 2013,016,14:42:02-2017,365,23:59:59.
  Lat, Lon:   30.0086994 -91.1398010 El., depth:     2.0   25.0 Chans:  1
  HHZ    200.00   0.0 -90.0  0.0000E+00
 0Station: LA17 , valid 2013,118,00:00:00-2017,365,23:59:59.
  Lat, Lon:   30.0133991 -91.1438980 El., depth:     1.0  185.0 Chans:  1
  HHZ 02 200.00   0.0 -90.0  0.0000E+00
 0Station: LA18 , valid 2013,290,00:00:00-2017,365,23:59:59.
  Lat, Lon:   30.0107002 -91.1467972 El., depth:     2.0   18.0 Chans:  1
  HHZ    200.00   0.0 -90.0  0.0000E+00
 0Station: LA19 , valid 2013,291,00:00:00-2017,365,23:59:59.
  Lat, Lon:   30.0093002 -91.1362000 El., depth:     1.0   18.0 Chans:  1
  HHZ    200.00   0.0 -90.0  0.0000E+00
 0Station: LATQ , valid 2007,257,00:00:00-2599,365,23:59:59.
  Lat, Lon:   47.3834991 -72.7818985 El., depth:   163.0    0.0 Chans:  1
  HHZ    100.00   0.0 -90.0  1.0000E-04
 0Station: LCH  , valid 1979,194,00:00:00-2599,365,23:59:59.
  Lat, Lon:   37.2328987-117.6458969 El., depth:  1414.0    0.0 Chans:  1
  HHZ    100.00   0.0 -90.0  1.0000E-04
 0Station: LHV  , valid 1980,260,00:00:00-2599,365,23:59:59.
  Lat, Lon:   38.2513008-118.5048981 El., depth:  2353.0    0.0 Chans:  1
  HHZ    100.00   0.0 -90.0  1.0000E-04
 0Station: LOHW , valid 2004,223,00:00:00-2999,365,23:59:59.
  Lat, Lon:   43.6124001-110.6037979 El., depth:  2121.0    0.0 Chans:  1
  BHZ 00  40.00   0.0 -90.0  0.0000E+00
 0Station: LOOK , valid 2015,121,19:15:52-2599,365,23:59:59.
  Lat, Lon:   33.9924278 -97.1799927 El., depth:   286.0    0.0 Chans:  1
  HHZ    100.00   0.0 -90.0  0.0000E+00
 0Station: LUPA , valid 2001,001,00:00:00-2599,365,23:59:59.
  Lat, Lon:   40.5987015 -75.3718033 El., depth:   255.0    0.0 Chans:  2
  BHZ     40.00   0.0 -90.0  0.0000E+00
  HHZ    100.00   0.0 -90.0  0.0000E+00
 0Station: MFID , valid 2009,286,16:00:00-2999,365,23:59:59.
  Lat, Lon:   43.4151001-115.8277969 El., depth:  1302.0    0.0 Chans:  1
  BHZ 00  40.00   0.0 -90.0  0.0000E+00
 0Station: MGMO , valid 2008,210,00:00:00-2599,365,23:59:59.
  Lat, Lon:   37.1539993 -92.2686996 El., depth:   453.0    0.0 Chans:  1
  BHZ     40.00   0.0 -90.0  1.0000E-01
 0Station: MLPR , valid 2012,040,12:00:00-2599,365,23:59:59.
  Lat, Lon:   17.9694271 -67.0442200 El., depth:     0.0    2.0 Chans:  1
  BHZ     40.00   0.0 -90.0  0.0000E+00
 0Station: MOIG , valid 2000,001,00:00:00-2599,365,23:59:59.
  Lat, Lon:   19.6467075-101.2273026 El., depth:  2000.0    0.0 Chans:  1
  BHZ     20.00   0.0 -90.0  0.0000E+00
 0Station: MOOW , valid 2004,183,00:00:00-2999,365,23:59:59.
  Lat, Lon:   43.7486000-110.7447968 El., depth:  2128.0    0.0 Chans:  1
  BHZ 00  40.00   0.0 -90.0  0.0000E+00
 0Station: MPK  , valid 1973,091,00:00:00-2599,365,23:59:59.
  Lat, Lon:   39.2928009-120.0363998 El., depth:  2599.0    0.0 Chans:  1
  HHZ    100.00   0.0 -90.0  1.0000E-04
 0Station: MSNJ , valid 2007,085,00:00:00-2599,365,23:59:59.
  Lat, Lon:   40.8841057 -74.1815338 El., depth:   132.0    0.0 Chans:  1
  HHZ    100.00   0.0 -90.0  0.0000E+00
 0Station: MTP  , valid 2000,145,09:30:00-2599,365,23:59:59.
  Lat, Lon:   18.0972500 -65.5527191 El., depth:   191.0    2.0 Chans:  1
  BHZ     40.00   0.0 -90.0  0.0000E+00
 0Station: MUR  , valid 2005,206,00:00:00-2599,365,23:59:59.
  Lat, Lon:   33.5999908-117.1954269 El., depth:   562.0    3.0 Chans:  2
  BHZ     40.00   0.0 -90.0  2.0000E-03
  HHZ    100.00   0.0 -90.0  1.0000E-02
 0Station: MVL  , valid 2001,043,00:00:00-2599,365,23:59:59.
  Lat, Lon:   39.9993935 -76.3488846 El., depth:   106.0    0.0 Chans:  1
  HHZ    100.00   0.0 -90.0  0.0000E+00
 0Station: MVU  , valid 1998,342,00:00:00-2599,365,23:59:59.
  Lat, Lon:   38.5037003-112.2123032 El., depth:  2239.0    0.0 Chans:  1
  HHZ    100.00   0.0 -90.0  1.0000E-04
 0Station: NCB  , valid 1992,001,00:00:00-2599,365,23:59:59.
  Lat, Lon:   43.9734688 -74.2230682 El., depth:   575.0    0.0 Chans:  2
  BHZ     40.00   0.0 -90.0  0.0000E+00
  HHZ    100.00   0.0 -90.0  0.0000E+00
 0Station: OBIP , valid 2002,352,10:00:00-2599,365,23:59:59.
  Lat, Lon:   18.0428009 -66.6062317 El., depth:   102.6    1.0 Chans:  1
  BHZ     40.00   0.0 -90.0  0.0000E+00
 0Station: ODNJ , valid 2007,174,00:00:00-2599,365,23:59:59.
  Lat, Lon:   41.0829010 -74.6055984 El., depth:   187.0    0.0 Chans:  2
  BHZ     40.00   0.0 -90.0  0.0000E+00
  HHZ    100.00   0.0 -90.0  0.0000E+00
 0Station: ORIO , valid 2008,171,00:00:00-2599,365,23:59:59.
  Lat, Lon:   45.4514999 -75.5110016 El., depth:    74.0    0.0 Chans:  1
  HHZ    100.00   0.0 -90.0  1.0000E-04
 0Station: OTT  , valid 1992,153,00:00:00-2599,365,23:59:59.
  Lat, Lon:   45.3941994 -75.7166977 El., depth:    77.0    0.0 Chans:  1
  HHZ    100.00   0.0 -90.0  1.0000E-04
 0Station: PAGS , valid 2009,043,00:00:00-2599,365,23:59:59.
  Lat, Lon:   40.2277641 -76.7221222 El., depth:   120.0    0.0 Chans:  1
  BHZ     50.00   0.0 -90.0  2.0000E-04
 0Station: PD31 , valid 1970,024,00:00:00-2599,365,23:59:59.
  Lat, Lon:   42.7672005-109.5580978 El., depth:  2219.0    0.0 Chans:  1
  BHZ     40.00   0.0 -90.0  1.2500E-02
 0Station: PDPR , valid 2012,040,12:00:00-2599,365,23:59:59.
  Lat, Lon:   18.0180988 -66.0222092 El., depth:     0.0    2.0 Chans:  1
  BHZ     40.00   0.0 -90.0  0.0000E+00
 0Station: PEBM , valid 1999,183,00:00:00-2599,365,23:59:59.
  Lat, Lon:   36.1129990 -89.8619995 El., depth:    76.0    0.0 Chans:  1
  HHZ 00 100.00   0.0 -90.0  0.0000E+00
 0Station: PHL  , valid 1997,204,00:00:00-2599,365,23:59:59.
  Lat, Lon:   35.4077301-120.5455627 El., depth:   355.0    0.0 Chans:  2
  BHZ     40.00   0.0 -90.0  2.0000E-03
  HHZ    100.00   0.0 -90.0  8.0000E-03
 0Station: PLM  , valid 1939,252,00:00:00-2599,365,23:59:59.
  Lat, Lon:   33.3536110-116.8626480 El., depth:  1691.0    0.0 Chans:  2
  BHZ     40.00   0.0 -90.0  2.0000E-03
  HHZ    100.00   0.0 -90.0  1.0000E-02
 0Station: PNT  , valid 1994,288,00:00:00-2599,365,23:59:59.
  Lat, Lon:   39.0890999-119.5997009 El., depth:  2076.0    0.0 Chans:  1
  HHZ    100.00   0.0 -90.0  1.0000E-04
 0Station: PRN  , valid 1972,021,00:00:00-2599,365,23:59:59.
  Lat, Lon:   37.4065018-115.0512009 El., depth:  1464.0    0.0 Chans:  1
  HHZ    100.00   0.0 -90.0  1.0000E-04
 0Station: PSDB , valid 2010,355,14:00:00-2599,365,23:59:59.
  Lat, Lon:   41.1273346 -78.7531433 El., depth:   437.0    0.0 Chans:  1
  BHZ     50.00   0.0 -90.0  2.0000E-04
 0Station: PTNY , valid 2015,197,00:00:00-2599,365,23:59:59.
  Lat, Lon:   44.5578003 -74.9507980 El., depth:   275.0    0.0 Chans:  2
  BHZ     40.00   0.0 -90.0  0.0000E+00
  HHZ    100.00   0.0 -90.0  0.0000E+00
 0Station: Q09A , valid 2015,265,00:00:00-2599,365,23:59:59.
  Lat, Lon:   38.8339996-117.1816025 El., depth:  1703.5    0.0 Chans:  1
  HHZ    100.00   0.0 -90.0  1.0000E-04
 0Station: QSM  , valid 1978,332,00:00:00-2599,365,23:59:59.
  Lat, Lon:   35.9650002-116.8691025 El., depth:   385.0    0.0 Chans:  1
  HHZ    100.00   0.0 -90.0  1.0000E-04
 0Station: QUA2 , valid 1995,180,00:00:00-2999,365,23:59:59.
  Lat, Lon:   42.2789993 -72.3519974 El., depth:   168.0    0.0 Chans:  1
  HHZ 00 100.00   0.0 -90.0  0.0000E+00
 0Station: QUOK , valid 2014,086,21:17:00-2599,365,23:59:59.
  Lat, Lon:   36.1713982 -96.7080002 El., depth:   296.0    1.0 Chans:  1
  HHZ    100.00   0.0 -90.0  0.0000E+00
 0Station: REDF , valid 2013,144,00:00:00-2599,365,23:59:59.
  Lat, Lon:   39.3899994-119.7647018 El., depth:  1466.0    0.0 Chans:  1
  HHZ    100.00   0.0 -90.0  1.0000E-04
 0Station: REDW , valid 2003,198,00:00:00-2999,365,23:59:59.
  Lat, Lon:   43.3624001-110.8517990 El., depth:  2192.0    0.0 Chans:  1
  BHZ 00  40.00   0.0 -90.0  0.0000E+00
 0Station: RLOK , valid 2015,015,17:28:50-2599,365,23:59:59.
  Lat, Lon:   36.1675529 -95.0267944 El., depth:   395.0    0.0 Chans:  1
  HHZ    100.00   0.0 -90.0  0.0000E+00
 0Station: RUB  , valid 2001,297,00:00:00-2599,365,23:59:59.
  Lat, Lon:   39.0517006-120.1548996 El., depth:  2045.2    0.0 Chans:  1
  HHZ    100.00   0.0 -90.0  1.0000E-04
 0Station: RWWY , valid 2004,253,00:00:00-2999,365,23:59:59.
  Lat, Lon:   41.6889000-107.2101974 El., depth:  2402.0    0.0 Chans:  1
  BHZ 00  40.00   0.0 -90.0  0.0000E+00
 0Station: RYN  , valid 1974,244,00:00:00-2599,365,23:59:59.
  Lat, Lon:   38.6281013-118.5223007 El., depth:  1651.0    0.0 Chans:  1
  HHZ    100.00   0.0 -90.0  1.0000E-04
 0Station: S11A , valid 2015,239,00:00:00-2599,365,23:59:59.
  Lat, Lon:   37.6444016-115.7472000 El., depth:  1456.0    0.0 Chans:  1
  HHZ    100.00   0.0 -90.0  1.0000E-04
 0Station: SADO , valid 1993,337,00:00:00-2599,365,23:59:59.
  Lat, Lon:   44.7694016 -79.1417007 El., depth:   243.0    0.0 Chans:  1
  BHZ     40.00   0.0 -90.0  2.5000E-04
 0Station: SAO  , valid 1988,028,00:00:00-2599,365,23:59:59.
  Lat, Lon:   36.7640305-121.4472198 El., depth:   317.2    3.0 Chans:  2
  BHZ 00  40.00   0.0 -90.0  2.0000E-03
  HHZ 00 100.00   0.0 -90.0  1.0000E-02
 0Station: SBC  , valid 1990,354,00:00:00-2599,365,23:59:59.
  Lat, Lon:   34.4407616-119.7149200 El., depth:    94.0    0.0 Chans:  2
  BHZ     40.00   0.0 -90.0  2.0000E-03
  HHZ    100.00   0.0 -90.0  8.0000E-03
 0Station: SCI2 , valid 2002,266,00:00:00-2599,365,23:59:59.
  Lat, Lon:   32.9150009-118.4878998 El., depth:   486.0    0.0 Chans:  2
  BHZ     40.00   0.0 -90.0  2.5000E-04
  HHZ    100.00   0.0 -90.0  1.0000E-04
 0Station: SCI2 , valid 2003,296,00:00:00-2599,365,23:59:59.
  Lat, Lon:   32.9799004-118.5469666 El., depth:   199.0    0.0 Chans:  2
  BHZ     40.00   0.0 -90.0  2.0000E-03
  HHZ    100.00   0.0 -90.0  1.0000E-02
 0Station: SDDR , valid 2006,242,00:00:00-2599,365,23:59:59.
  Lat, Lon:   18.9820995 -71.2878036 El., depth:   589.0    0.0 Chans:  1
  BHZ 00  40.00   0.0 -90.0  0.0000E+00
 0Station: SDMD , valid 2001,305,00:00:00-2599,365,23:59:59.
  Lat, Lon:   39.4101982 -76.8403015 El., depth:   212.0    0.0 Chans:  1
  HHZ    100.00   0.0 -90.0  0.0000E+00
 0Station: SIUC , valid 1999,056,00:00:00-2599,365,23:59:59.
  Lat, Lon:   37.7084885 -89.2401047 El., depth:   118.0    0.0 Chans:  1
  BHZ 00  40.00   0.0 -90.0  0.0000E+00
 0Station: SLBS , valid 2008,350,00:00:00-2599,365,23:59:59.
  Lat, Lon:   23.6858006-109.9442978 El., depth:   825.0    0.0 Chans:  2
  BHZ 00  20.00   0.0 -90.0  0.0000E+00
  BHZ 10  40.00   0.0 -90.0  0.0000E+00
 0Station: SLM  , valid 2009,330,00:00:00-2599,365,23:59:59.
  Lat, Lon:   38.6361008 -90.2363968 El., depth:   186.0    0.0 Chans:  1
  BHZ 00  40.00   0.0 -90.0  0.0000E+00
 0Station: SRIG , valid 2008,001,00:00:00-2599,365,23:59:59.
  Lat, Lon:   27.3198051-112.2410126 El., depth:    61.0    0.0 Chans:  1
  BHZ     20.00   0.0 -90.0  0.0000E+00
 0Station: SVD  , valid 1990,338,00:00:00-2599,365,23:59:59.
  Lat, Lon:   34.1064682-117.0982208 El., depth:   605.0    0.0 Chans:  2
  BHZ     40.00   0.0 -90.0  2.0000E-03
  HHZ    100.00   0.0 -90.0  1.0000E-02
 0Station: TCBU , valid 2008,113,00:00:00-2599,365,23:59:59.
  Lat, Lon:   44.2408295-121.6643829 El., depth:  1646.0    0.0 Chans:  1
  BHZ     50.00   0.0 -90.0  0.0000E+00
 0Station: TIN  , valid 1932,001,00:00:00-2599,365,23:59:59.
  Lat, Lon:   37.0542183-118.2300873 El., depth:  1197.0    0.0 Chans:  2
  BHZ     40.00   0.0 -90.0  2.0000E-03
  HHZ    100.00   0.0 -90.0  1.0000E-02
 0Station: TKL  , valid 1995,135,00:00:00-2999,365,23:59:59.
  Lat, Lon:   35.6580009 -83.7740021 El., depth:   351.0    0.0 Chans:  1
  BHZ     40.00   0.0 -90.0  0.0000E+00
 0Station: TLIG , valid 2009,001,00:00:00-2599,365,23:59:59.
  Lat, Lon:   17.5626755 -98.5664673 El., depth:  1136.0    0.0 Chans:  1
  BHZ     20.00   0.0 -90.0  0.0000E+00
 0Station: TPH  , valid 1996,358,00:00:00-2599,365,23:59:59.
  Lat, Lon:   38.0750008-117.2225037 El., depth:  1883.0    0.0 Chans:  2
  HHZ 01 100.00   0.0 -90.0  1.0000E-04
  HHZ 02 100.00   0.0 -90.0  1.0000E-04
 0Station: TRO  , valid 1982,274,00:00:00-2599,365,23:59:59.
  Lat, Lon:   33.5233994-116.4256973 El., depth:  2628.0    0.0 Chans:  2
  BHZ     40.00   0.0 -90.0  2.5000E-04
  HHZ    100.00   0.0 -90.0  1.0000E-04
 0Station: TRY  , valid 1995,279,00:00:00-2999,365,23:59:59.
  Lat, Lon:   42.7313004 -73.6663971 El., depth:    89.0    0.0 Chans:  1
  HHZ 00 100.00   0.0 -90.0  0.0000E+00
 0Station: TUC  , valid 2009,148,19:40:00-2599,365,23:59:59.
  Lat, Lon:   32.3097992-110.7846985 El., depth:   909.0    1.0 Chans:  3
  BHZ 00  20.00   0.0 -90.0  0.0000E+00
  BHZ 10  40.00   0.0 -90.0  0.0000E+00
  BHZ 60  40.00   0.0 -90.0  0.0000E+00
 0Station: TUPA , valid 2010,127,00:00:00-2599,365,23:59:59.
  Lat, Lon:   40.1662483 -75.1864166 El., depth:   112.0    0.0 Chans:  1
  HHZ    100.00   0.0 -90.0  0.0000E+00
 0Station: U32A , valid 2012,059,00:00:00-2599,365,23:59:59.
  Lat, Lon:   36.3795013 -99.0014038 El., depth:   525.0    0.0 Chans:  1
  BHZ     40.00   0.0 -90.0  2.5000E-04
 0Station: UCCT , valid 2005,063,00:00:00-2599,365,23:59:59.
  Lat, Lon:   41.7943230 -72.2255478 El., depth:   200.0    0.0 Chans:  2
  BHZ     40.00   0.0 -90.0  0.0000E+00
  HHZ    100.00   0.0 -90.0  0.0000E+00
 0Station: UNM  , valid 1990,157,00:00:00-2599,365,23:59:59.
  Lat, Lon:   19.3296623 -99.1780624 El., depth:  2280.0    0.0 Chans:  1
  BHZ 00  20.00   0.0 -90.0  5.0000E-06
 0Station: UPAO , valid 2009,211,00:00:00-2599,365,23:59:59.
  Lat, Lon:   40.4820595 -80.0215912 El., depth:   274.0    0.0 Chans:  1
  BHZ     50.00   0.0 -90.0  2.0000E-04
 0Station: USC  , valid 1993,048,00:00:00-2599,365,23:59:59.
  Lat, Lon:   34.0191917-118.2863083 El., depth:    58.0    0.0 Chans:  2
  BHZ     40.00   0.0 -90.0  2.0000E-03
  HHZ    100.00   0.0 -90.0  8.0000E-03
 0Station: USIN , valid 2002,296,00:00:00-2599,365,23:59:59.
  Lat, Lon:   37.9650002 -87.6660004 El., depth:   170.7    0.0 Chans:  1
  BHZ     40.00   0.0 -90.0  0.0000E+00
 0Station: UTMT , valid 2009,204,00:00:00-2599,365,23:59:59.
  Lat, Lon:   36.3497009 -88.8636017 El., depth:   110.0    0.0 Chans:  1
  BHZ 01  40.00   0.0 -90.0  0.0000E+00
 0Station: V12A , valid 2015,265,00:00:00-2599,365,23:59:59.
  Lat, Lon:   35.7266006-114.8510971 El., depth:  1098.0    0.0 Chans:  1
  HHZ    100.00   0.0 -90.0  1.0000E-04
 0Station: VCN  , valid 2011,215,00:00:00-2599,365,23:59:59.
  Lat, Lon:   39.2956009-119.6502991 El., depth:  1928.0    0.0 Chans:  1
  HHZ    100.00   0.0 -90.0  1.0000E-04
 0Station: VT1  , valid 1997,250,00:00:00-2999,365,23:59:59.
  Lat, Lon:   44.3205986 -72.7512970 El., depth:   149.0    0.0 Chans:  1
  HHZ 00 100.00   0.0 -90.0  0.0000E+00
 0Station: WCNY , valid 2007,178,00:00:00-2599,365,23:59:59.
  Lat, Lon:   43.9809990 -75.6548996 El., depth:   245.0    0.0 Chans:  2
  BHZ     40.00   0.0 -90.0  0.0000E+00
  HHZ    100.00   0.0 -90.0  0.0000E+00
 0Station: WES  , valid 1994,306,00:00:00-2999,365,23:59:59.
  Lat, Lon:   42.3848000 -71.3218002 El., depth:    60.0    0.0 Chans:  1
  HHZ 00 100.00   0.0 -90.0  0.0000E+00
 0Station: WSPT , valid 2008,169,00:00:00-2999,365,23:59:59.
  Lat, Lon:   41.1711998 -73.3277969 El., depth:    91.0    0.0 Chans:  1
  HHZ 00 100.00   0.0 -90.0  0.0000E+00
 0Station: WVL  , valid 1998,181,00:00:00-2999,365,23:59:59.
  Lat, Lon:   44.5646019 -69.6616974 El., depth:    50.0    0.0 Chans:  1
  HHZ 00 100.00   0.0 -90.0  0.0000E+00
 0Station: WVNY , valid 2010,217,00:00:00-2599,365,23:59:59.
  Lat, Lon:   42.4062004 -78.6042023 El., depth:   490.0    0.0 Chans:  2
  BHZ     40.00   0.0 -90.0  0.0000E+00
  HHZ    100.00   0.0 -90.0  0.0000E+00
 0Station: X34A , valid 2011,286,00:00:00-2599,365,23:59:59.
  Lat, Lon:   34.6010208 -97.8325577 El., depth:   364.0    0.0 Chans:  1
  HHZ    100.00   0.0 -90.0  0.0000E+00
 0Station: X37A , valid 2012,059,00:00:00-2599,365,23:59:59.
  Lat, Lon:   34.5891991 -95.3712997 El., depth:   207.0    0.0 Chans:  1
  BHZ     40.00   0.0 -90.0  2.5000E-04
 0Station: Y22A , valid 2010,035,00:00:00-2599,365,23:59:59.
  Lat, Lon:   33.9370003-106.9652023 El., depth:  1674.0    0.0 Chans:  1
  BHZ     40.00   0.0 -90.0  2.5000E-04
 0Station: YER  , valid 1998,247,00:00:00-2599,365,23:59:59.
  Lat, Lon:   38.9851990-119.2406006 El., depth:  1857.0    0.0 Chans:  1
  HHZ    100.00   0.0 -90.0  1.0000E-04
 0Station: ZAIG , valid 1997,001,00:00:00-2599,365,23:59:59.
  Lat, Lon:   22.7691994-102.5670013 El., depth:  2408.0    0.0 Chans:  1
  BHZ     20.00   0.0 -90.0  0.0000E+00
           1  time spans.
 ACCN  BHZ    2015,299,09:10:00.0100 2015,299,10:00:00.9850     456     519
 ACCN  HHZ    2015,299,09:10:00.0050 2015,299,10:00:00.9950     520     651
 AGPR  BHZ    2015,299,09:10:00.0000 2015,299,10:00:00.9750     652     690
 ALGO  HHZ    2015,299,09:10:00.0000 2015,299,10:00:00.9900     691     798
 ALLY  BHZ    2015,299,09:10:00.0150 2015,299,10:00:00.9900     799     882
 ALLY  HHZ    2015,299,09:10:00.0050 2015,299,10:00:00.9950     883    1087
 AOPR  BHZ    2015,299,09:10:00.0150 2015,299,10:00:00.9900    1088    1123
 B088A BHZ    2015,299,09:10:00.0195 2015,299,10:00:00.9945    1124    1151
 B088A HHZ    2015,299,09:10:00.0045 2015,299,10:00:00.9995    1152    1268
 BCOK  HHZ    2015,299,09:10:00.0050 2015,299,10:00:00.9950    1269    1401
 BCX   HHZ 00 2015,299,09:10:00.0050 2015,299,10:00:00.9950    1402    1555
 BEK   HHZ    2015,299,09:10:00.0050 2015,299,10:00:00.9950    1556    1622
 BEL   BHZ    2015,299,09:10:00.0195 2015,299,10:00:00.9945    1623    1656
 BEL   HHZ    2015,299,09:10:00.0083 2015,299,10:00:00.9983    1657    1742
 BIRD  HHZ 00 2015,299,09:10:00.0000 2015,299,10:00:00.9900    1743    1855
 BLO   BHZ    2015,299,09:10:00.0000 2015,299,10:00:00.9750    1856    1897
 BPH01 BHZ    2015,299,09:10:00.0000 2015,299,10:00:00.9750    1898    1927
 BPH02 BHZ    2015,299,09:10:00.0000 2015,299,10:00:00.9750    1928    1957
 BPH03 BHZ    2015,299,09:10:00.0000 2015,299,10:00:00.9750    1958    1985
 BPH04 BHZ    2015,299,09:10:00.0000 2015,299,10:00:00.9750    1986    2014
 BPH05 BHZ    2015,299,09:10:00.0000 2015,299,10:00:00.9750    2015    2044
 BPH06 BHZ    2015,299,09:10:00.0000 2015,299,10:00:00.9750    2045    2072
 BPH07 BHZ    2015,299,09:10:00.0000 2015,299,10:00:00.9750    2073    2100
 BPH08 BHZ    2015,299,09:10:00.0000 2015,299,10:00:00.9750    2101    2130
 BPH09 BHZ    2015,299,09:10:00.0000 2015,299,10:00:00.9750    2131    2161
 BPH10 BHZ    2015,299,09:10:00.0000 2015,299,10:00:00.9750    2162    2191
 BPH11 BHZ    2015,299,09:10:00.0000 2015,299,10:00:00.9750    2192    2221
 BPH12 BHZ    2015,299,09:10:00.0000 2015,299,10:00:00.9750    2222    2249
 BPH13 BHZ    2015,299,09:10:00.0000 2015,299,10:00:00.9750    2250    2279
 BRNJ  BHZ    2015,299,09:10:00.0000 2015,299,10:00:00.9800    2280    2334
 BRNJ  HHZ    2015,299,09:10:00.0000 2015,299,10:00:00.9900    2335    2468
 BRNY  BHZ    2015,299,09:10:00.0000 2015,299,10:00:00.9800    2469    2521
 BRNY  HHZ    2015,299,09:10:00.0000 2015,299,10:00:00.9900    2522    2633
 CASEE HHZ 00 2015,299,09:10:00.0083 2015,299,10:00:00.9983    2634    2728
 CBYP  BHZ    2015,299,09:10:00.0150 2015,299,10:00:00.9900    2729    2771
 CCIG  BHZ    2015,299,09:10:00.0033 2015,299,10:00:00.9533    2772    2789
 CCOK  HHZ    2015,299,09:10:00.0000 2015,299,10:00:00.9900    2790    2884
 CHF   BHZ    2015,299,09:10:00.0195 2015,299,10:00:00.9945    2885    2914
 CHF   HHZ    2015,299,09:10:00.0083 2015,299,10:00:00.9983    2915    2981
 CHOK  HHZ    2015,299,09:10:00.0050 2015,299,10:00:00.9950    2982    3076
 CIHL  BHZ    2015,299,09:10:00.0000 2015,299,10:00:00.9800    3077    3149
 COLR  HHZ    2015,299,09:10:00.0050 2015,299,10:00:00.9950    3150    3214
 COR   BHZ 00 2015,299,09:10:00.0195 2015,299,10:00:00.9695    3215    3248
 COR   BHZ 10 2015,299,09:10:00.0195 2015,299,10:00:00.9945    3249    3297
 COR   HHZ 10 2015,299,09:10:00.0083 2015,299,10:00:00.9983    3298    3400
 COR   BHZ 60 2015,299,09:10:00.0195 2015,299,10:00:00.9945    3401    3441
 CPE   BHZ    2015,299,09:10:00.0195 2015,299,10:00:00.9945    3442    3484
 CPE   HHZ    2015,299,09:10:00.0084 2015,299,10:00:00.9984    3485    3583
 CRPR  BHZ    2015,299,09:10:00.0000 2015,299,10:00:00.9750    3584    3613
 CRY   BHZ    2015,299,09:10:00.0195 2015,299,10:00:00.9945    3614    3648
 CRY   HHZ    2015,299,09:10:00.0084 2015,299,10:00:00.9984    3649    3728
 CTC   HHZ    2015,299,09:10:00.0083 2015,299,10:00:00.9983    3729    3787
 CUNY  HHZ    2015,299,09:10:00.0050 2015,299,10:00:00.9950    3788    3848
 DAN   BHZ    2015,299,09:10:00.0195 2015,299,10:00:00.9945    3849    3896
 DAN   HHZ    2015,299,09:10:00.0083 2015,299,10:00:00.9983    3897    4029
 DEC   BHZ    2015,299,09:10:00.0195 2015,299,10:00:00.9945    4030    4074
 DEC   HHZ    2015,299,09:10:00.0083 2015,299,10:00:00.9983    4075    4175
 DGR   BHZ    2015,299,09:10:00.0195 2015,299,10:00:00.9945    4176    4206
 DGR   HHZ    2015,299,09:10:00.0083 2015,299,10:00:00.9983    4207    4273
 DJJ   BHZ    2015,299,09:10:00.0195 2015,299,10:00:00.9945    4274    4309
 DJJ   HHZ    2015,299,09:10:00.0083 2015,299,10:00:00.9983    4310    4397
 DLMT  BHZ 00 2015,299,09:10:00.0150 2015,299,10:00:00.9900    4398    4432
 DSP   HHZ    2015,299,09:10:00.0083 2015,299,10:00:00.9983    4433    4494
 EMB   HHZ    2015,299,09:10:00.0083 2015,299,10:00:00.9983    4495    4616
 EMMW  HHZ 00 2015,299,09:10:00.0050 2015,299,10:00:00.9950    4617    4705
 EMPR  BHZ    2015,299,09:10:00.0000 2015,299,10:00:00.9750    4706    4742
 FFD   HHZ 00 2015,299,09:10:00.0050 2015,299,10:00:00.9950    4743    4862
 FLET  HHZ    2015,299,09:10:00.0000 2015,299,10:00:00.9900    4863    4946
 FMP   BHZ    2015,299,09:10:00.0195 2015,299,10:00:00.9945    4947    4985
 FMP   HHZ    2015,299,09:10:00.0083 2015,299,10:00:00.9983    4986    5071
 FOR   BHZ    2015,299,09:10:00.0200 2015,299,10:00:00.9950    5072    5145
 FOR   HHZ    2015,299,09:10:00.0000 2015,299,10:00:00.9900    5146    5303
 FRNY  BHZ    2015,299,09:10:00.0195 2015,299,10:00:00.9945    5304    5340
 FRNY  HHZ    2015,299,09:10:00.0084 2015,299,10:00:00.9984    5341    5419
 FVM   BHZ    2015,299,09:10:00.0000 2015,299,10:00:00.9749    5420    5460
 GAC   BHZ    2015,299,09:10:00.0000 2015,299,10:00:00.9750    5461    5525
 GLA   BHZ    2015,299,09:10:00.0195 2015,299,10:00:00.9945    5526    5577
 GLA   HHZ    2015,299,09:10:00.0083 2015,299,10:00:00.9983    5578    5695
 GNAR  HHZ 00 2015,299,09:10:00.0050 2015,299,10:00:00.9950    5696    5821
 GWY   HHZ    2015,299,09:10:00.0083 2015,299,10:00:00.9983    5822    5878
 HALT  HHZ 00 2015,299,09:10:04.1650 2015,299,09:59:59.9950    5879    5981
 HCNY  BHZ    2015,299,09:10:00.0050 2015,299,10:00:00.9800    5982    6025
 HCNY  HHZ    2015,299,09:10:00.0050 2015,299,10:00:00.9950    6026    6120
 HDBT  HHZ 00 2015,299,09:10:00.0000 2015,299,10:00:00.9900    6121    6350
 HENM  HHZ 00 2015,299,09:10:00.0000 2015,299,10:00:00.2800    6351    6432
 HICK  HHZ 00 2015,299,09:10:00.0000 2015,299,10:00:00.9900    6433    6507
 HKT   BHZ 00 2015,299,09:10:00.0195 2015,299,10:00:00.9695    6508    6538
 HKT   BHZ 10 2015,299,09:10:00.0195 2015,299,10:00:00.9945    6539    6583
 HPIG  BHZ    2015,299,09:10:00.0033 2015,299,10:00:00.9533    6584    6601
 HQIL  HHZ 00 2015,299,09:10:00.0000 2015,299,10:00:00.9900    6602    6716
 HRV   BHZ 00 2015,299,09:10:00.0195 2015,299,10:00:00.9695    6717    6748
 HRV   BHZ 10 2015,299,09:10:00.0195 2015,299,10:00:00.9945    6749    6821
 HRV   HHZ 10 2015,299,09:10:00.0083 2015,299,10:00:00.9983    6822    6990
 HUMP  BHZ    2015,299,09:10:00.0000 2015,299,10:00:00.9750    6991    7029
 ICMP  BHZ    2015,299,09:10:00.0100 2015,299,10:00:00.9850    7030    7072
 IGPR  BHZ    2015,299,09:10:00.0000 2015,299,10:00:00.9750    7073    7107
 ILCC  HHZ 00 2015,299,09:10:00.0000 2015,299,10:00:00.9950    7108    7532
 ISA   BHZ    2015,299,09:10:00.0195 2015,299,10:00:00.9945    7533    7583
 ISA   HHZ    2015,299,09:10:00.0083 2015,299,10:00:00.9983    7584    7688
 JTMT  BHZ    2015,299,09:10:00.0000 2015,299,10:00:00.9900    7689    7760
 KSCT  BHZ    2015,299,09:10:00.0100 2015,299,10:00:00.9850    7761    7806
 KSCT  HHZ    2015,299,09:10:00.0000 2015,299,10:00:00.9900    7807    7944
 LA10  HHZ 03 2015,299,09:10:00.0000 2015,299,10:00:00.9950    7945    8131
 LA12  HHZ    2015,299,09:10:00.0000 2015,299,10:00:00.9950    8132    8372
 LA14  HHZ    2015,299,09:10:00.0000 2015,299,10:00:00.9950    8373    8575
 LA17  HHZ 02 2015,299,09:10:00.0000 2015,299,10:00:00.9950    8576    8787
 LA18  HHZ    2015,299,09:10:00.0000 2015,299,10:00:00.9950    8788    9039
 LA19  HHZ    2015,299,09:10:00.0000 2015,299,10:00:00.9950    9040    9222
 LATQ  HHZ    2015,299,09:10:00.0000 2015,299,10:00:00.9900    9223    9386
 LCH   HHZ    2015,299,09:10:00.0083 2015,299,10:00:00.9983    9387    9444
 LHV   HHZ    2015,299,09:10:00.0083 2015,299,10:00:00.9983    9445    9507
 LOHW  BHZ 00 2015,299,09:10:00.0150 2015,299,10:00:00.9900    9508    9540
 LOOK  HHZ    2015,299,09:10:00.0050 2015,299,10:00:00.9950    9541    9644
 LUPA  BHZ    2015,299,09:10:00.0200 2015,299,10:00:00.9950    9645    9690
 LUPA  HHZ    2015,299,09:10:00.0000 2015,299,10:00:00.9900    9691    9799
 MFID  BHZ 00 2015,299,09:10:00.0000 2015,299,10:00:00.9750    9800    9833
 MGMO  BHZ    2015,299,09:10:00.0195 2015,299,10:00:00.9945    9834    9880
 MLPR  BHZ    2015,299,09:10:00.0150 2015,299,10:00:00.9900    9881    9918
 MOIG  BHZ    2015,299,09:10:00.0100 2015,299,10:00:00.9599    9919    9939
 MOOW  BHZ 00 2015,299,09:10:00.0199 2015,299,10:00:00.9950    9940    9973
 MPK   HHZ    2015,299,09:10:00.0083 2015,299,10:00:00.9983    9974   10043
 MSNJ  HHZ    2015,299,09:10:00.0000 2015,299,10:00:00.9900   10044   10151
 MTP   BHZ    2015,299,09:10:00.0050 2015,299,10:00:00.9800   10152   10184
 MUR   BHZ    2015,299,09:10:00.0195 2015,299,10:00:00.9945   10185   10224
 MUR   HHZ    2015,299,09:10:00.0083 2015,299,10:00:00.9983   10225   10316
 MVL   HHZ    2015,299,09:10:00.0050 2015,299,10:00:00.9950   10317   10475
 MVU   HHZ    2015,299,09:10:00.0083 2015,299,10:00:00.9983   10476   10615
 NCB   BHZ    2015,299,09:10:00.0195 2015,299,10:00:00.9945   10616   10651
 NCB   HHZ    2015,299,09:10:00.0084 2015,299,10:00:00.9984   10652   10728
 OBIP  BHZ    2015,299,09:10:00.0150 2015,299,10:00:00.9900   10729   10761
 ODNJ  BHZ    2015,299,09:10:00.0195 2015,299,10:00:00.9945   10762   10799
 ODNJ  HHZ    2015,299,09:10:00.0084 2015,299,10:00:00.9984   10800   10878
 ORIO  HHZ    2015,299,09:10:00.0000 2015,299,10:00:00.9900   10879   10974
 OTT   HHZ    2015,299,09:10:00.0000 2015,299,10:00:00.9900   10975   11114
 PAGS  BHZ    2015,299,09:10:00.0000 2015,299,10:00:00.9800   11115   11190
 PD31  BHZ    2015,299,09:10:00.0000 2015,299,10:00:00.9750   11191   11240
 PDPR  BHZ    2015,299,09:10:00.0000 2015,299,10:00:00.9750   11241   11270
 PEBM  HHZ 00 2015,299,09:10:00.0050 2015,299,10:00:00.9950   11271   11384
 PHL   BHZ    2015,299,09:10:00.0195 2015,299,10:00:00.9945   11385   11426
 PHL   HHZ    2015,299,09:10:00.0083 2015,299,10:00:00.9983   11427   11511
 PLM   BHZ    2015,299,09:10:00.0195 2015,299,10:00:00.9945   11512   11546
 PLM   HHZ    2015,299,09:10:00.0083 2015,299,10:00:00.9983   11547   11636
 PNT   HHZ    2015,299,09:10:00.0000 2015,299,10:00:00.9900   11637   11706
 PRN   HHZ    2015,299,09:10:00.0050 2015,299,10:00:00.9950   11707   11774
 PSDB  BHZ    2015,299,09:10:00.0000 2015,299,10:00:00.9800   11775   11855
 PTNY  BHZ    2015,299,09:10:00.0197 2015,299,10:00:00.9950   11856   11900
 PTNY  HHZ    2015,299,09:10:00.0098 2015,299,10:00:00.9900   11901   11997
 Q09A  HHZ    2015,299,09:10:00.0083 2015,299,10:00:00.9983   11998   12069
 QSM   HHZ    2015,299,09:10:00.0083 2015,299,10:00:00.9983   12070   12127
 QUA2  HHZ 00 2015,299,09:10:00.0099 2015,299,10:00:00.9900   12128   12221
 QUOK  HHZ    2015,299,09:10:00.0050 2015,299,10:00:00.9950   12222   12315
 REDF  HHZ    2015,299,09:10:00.0083 2015,299,10:00:00.9983   12316   12398
 REDW  BHZ 00 2015,299,09:10:00.0150 2015,299,10:00:00.9900   12399   12433
 RLOK  HHZ    2015,299,09:10:00.0050 2015,299,10:00:00.9950   12434   12546
 RUB   HHZ    2015,299,09:10:00.0050 2015,299,10:00:00.9950   12547   12623
 RWWY  BHZ 00 2015,299,09:10:00.0150 2015,299,10:00:00.9900   12624   12662
 RYN   HHZ    2015,299,09:10:00.0050 2015,299,10:00:00.9950   12663   12735
 S11A  HHZ    2015,299,09:10:00.0083 2015,299,10:00:00.9983   12736   12816
 SADO  BHZ    2015,299,09:10:00.0000 2015,299,10:00:00.9750   12817   12875
 SAO   BHZ 00 2015,299,09:10:00.0195 2015,299,10:00:00.9945   12876   12930
 SAO   HHZ 00 2015,299,09:10:00.0083 2015,299,10:00:00.9983   12931   13055
 SBC   BHZ    2015,299,09:10:00.0195 2015,299,10:00:00.9945   13056   13099
 SBC   HHZ    2015,299,09:10:00.0083 2015,299,10:00:00.9983   13100   13216
 SCI2  BHZ    2015,299,09:10:00.0004 2015,299,10:00:00.9754   13217   13254
 SCI2  HHZ    2015,299,09:10:00.0068 2015,299,10:00:00.9968   13255   13378
 SCI2  BHZ    2015,299,09:10:00.0195 2015,299,10:00:00.9945   13379   13419
 SCI2  HHZ    2015,299,09:10:00.0083 2015,299,10:00:00.9983   13420   13570
 SDDR  BHZ 00 2015,299,09:10:00.0000 2015,299,10:00:00.9750   13571   13619
 SDMD  HHZ    2015,299,09:10:00.0000 2015,299,10:00:00.9900   13620   13737
 SIUC  BHZ 00 2015,299,09:10:00.0195 2015,299,10:00:00.9945   13738   13788
 SLBS  BHZ 00 2015,299,09:10:00.0195 2015,299,10:00:00.9695   13789   13817
 SLBS  BHZ 10 2015,299,09:10:00.0195 2015,299,10:00:00.9945   13818   13884
 SLM   BHZ 00 2015,299,09:10:00.0000 2015,299,10:00:00.9750   13885   13929
 SRIG  BHZ    2015,299,09:10:00.0333 2015,299,10:00:00.9833   13930   13948
 SVD   BHZ    2015,299,09:10:00.0195 2015,299,10:00:00.9945   13949   13995
 SVD   HHZ    2015,299,09:10:00.0083 2015,299,10:00:00.9983   13996   14099
 TCBU  BHZ    2015,299,09:10:00.0000 2015,299,10:00:00.9800   14100   14185
 TIN   BHZ    2015,299,09:10:00.0195 2015,299,10:00:00.9945   14186   14230
 TIN   HHZ    2015,299,09:10:00.0083 2015,299,10:00:00.9983   14231   14332
 TKL   BHZ    2015,299,09:10:00.0190 2015,299,10:00:00.9940   14333   14373
 TLIG  BHZ    2015,299,09:10:00.0333 2015,299,10:00:00.9833   14374   14392
 TPH   HHZ 01 2015,299,09:10:00.0083 2015,299,10:00:00.9983   14393   14477
 TPH   HHZ 02 2015,299,09:10:00.0083 2015,299,10:00:00.9983   14478   14546
 TRO   BHZ    2015,299,09:10:00.0195 2015,299,10:00:00.9945   14547   14594
 TRO   HHZ    2015,299,09:10:00.0084 2015,299,10:00:00.9984   14595   14712
 TRY   HHZ 00 2015,299,09:10:00.0050 2015,299,10:00:00.9950   14713   14803
 TUC   BHZ 00 2015,299,09:10:00.0195 2015,299,10:00:00.9695   14804   14831
 TUC   BHZ 10 2015,299,09:10:00.0195 2015,299,10:00:00.9945   14832   14872
 TUC   BHZ 60 2015,299,09:10:00.0195 2015,299,10:00:00.9945   14873   14906
 TUPA  HHZ    2015,299,09:10:00.0050 2015,299,10:00:00.9950   14907   15036
 U32A  BHZ    2015,299,09:10:00.0000 2015,299,10:00:00.9750   15037   15072
 UCCT  BHZ    2015,299,09:10:00.0050 2015,299,10:00:00.9800   15073   15117
 UCCT  HHZ    2015,299,09:10:00.0050 2015,299,10:00:00.9950   15118   15229
 UNM   BHZ 00 2015,299,09:10:00.0000 2015,299,10:00:00.9500   15230   15266
 UPAO  BHZ    2015,299,09:10:00.0000 2015,299,10:00:00.9900   15267   15444
 USC   BHZ    2015,299,09:10:00.0195 2015,299,10:00:00.9945   15445   15517
 USC   HHZ    2015,299,09:10:00.0083 2015,299,10:00:00.9983   15518   15699
 USIN  BHZ    2015,299,09:10:00.0000 2015,299,10:00:00.9750   15700   15744
 UTMT  BHZ 01 2015,299,09:10:00.0000 2015,299,10:00:00.9750   15745   15787
 V12A  HHZ    2015,299,09:10:00.0083 2015,299,10:00:00.9983   15788   15857
 VCN   HHZ    2015,299,09:10:00.0050 2015,299,10:00:00.9950   15858   15949
 VT1   HHZ 00 2015,299,09:10:00.0000 2015,299,10:00:00.9900   15950   16096
 WCNY  BHZ    2015,299,09:10:00.0050 2015,299,10:00:00.9800   16097   16137
 WCNY  HHZ    2015,299,09:10:00.0050 2015,299,10:00:00.9950   16138   16237
 WES   HHZ 00 2015,299,09:10:00.0050 2015,299,10:00:00.9950   16238   16323
 WSPT  HHZ 00 2015,299,09:10:00.0000 2015,299,10:00:00.9900   16324   16463
 WVL   HHZ 00 2015,299,09:10:00.0050 2015,299,10:00:00.9950   16464   16629
 WVNY  BHZ    2015,299,09:10:00.0150 2015,299,10:00:00.9900   16630   16669
 WVNY  HHZ    2015,299,09:10:00.0050 2015,299,10:00:00.9950   16670   16756
 X34A  HHZ    2015,299,09:10:00.0050 2015,299,10:00:00.9950   16757   16848
 X37A  BHZ    2015,299,09:10:00.0000 2015,299,10:00:00.9750   16849   16880
 Y22A  BHZ    2015,299,09:10:00.0000 2015,299,10:00:00.9750   16881   16910
 YER   HHZ    2015,299,09:10:00.0000 2015,299,10:00:00.9900   16911   16993
 ZAIG  BHZ    2015,299,09:10:00.0050 2015,299,10:00:00.9550   16994   17010
    214 time indices.
  seed.dat:           1  recorded events.
